<?xml version="1.0" encoding="UTF-8"?>
<!-- Generated by org.testng.reporters.JUnitReportReporter -->
<testsuite skipped="0" hostname="USVAWXMCSNP391" name="com.test.PostRequest" tests="1" failures="0" timestamp="2022-06-06T14:34:39 IST" time="2.672" errors="0">
  <testcase name="postRequests" time="2.672" classname="com.test.PostRequest"/>
  <system-out/>
</testsuite> <!-- com.test.PostRequest -->
