<?xml version="1.0" encoding="UTF-8"?>
<!-- Generated by org.testng.reporters.JUnitReportReporter -->
<testsuite hostname="USVAWXMCSNP554" failures="0" tests="1" name="com.test.TestTemp" time="3.631" errors="0" timestamp="2022-07-15T20:23:25 IST" skipped="0">
  <testcase classname="com.test.TestTemp" name="test1" time="3.631"/>
  <system-out/>
</testsuite> <!-- com.test.TestTemp -->
