<?xml version="1.0" encoding="UTF-8"?>
<!-- Generated by org.testng.reporters.JUnitReportReporter -->
<testsuite hostname="USVAWXMCSNP343" failures="0" tests="1" name="com.test.TestJsonPath" time="3.059" errors="0" timestamp="2022-07-27T11:20:21 IST" skipped="0">
  <testcase classname="com.test.TestJsonPath" name="getpath" time="3.059"/>
  <system-out/>
</testsuite> <!-- com.test.TestJsonPath -->
