<?xml version="1.0" encoding="UTF-8"?>
<!-- Generated by org.testng.reporters.JUnitReportReporter -->
<testsuite hostname="USVAWXMCSNP554" failures="0" tests="1" name="com.test.findAllTest" time="1.925" errors="0" timestamp="2022-07-15T11:54:39 IST" skipped="0">
  <testcase classname="com.test.findAllTest" name="findIds" time="1.925"/>
  <system-out/>
</testsuite> <!-- com.test.findAllTest -->
