<?xml version="1.0" encoding="UTF-8"?>
<!-- Generated by org.testng.reporters.JUnitReportReporter -->
<testsuite hostname="USVAWXMCSNP343" failures="0" tests="1" name="com.test.RandomTest" time="2.763" errors="0" timestamp="2022-07-27T11:51:15 IST" skipped="0">
  <testcase classname="com.test.RandomTest" name="test1" time="2.763"/>
  <system-out/>
</testsuite> <!-- com.test.RandomTest -->
