<?xml version="1.0" encoding="UTF-8"?>
<!-- Generated by org.testng.reporters.JUnitReportReporter -->
<testsuite skipped="0" hostname="USVAWXMCSNP391" name="com.test.GetRequest" tests="1" failures="0" timestamp="2022-06-06T14:29:01 IST" time="2.372" errors="0">
  <testcase name="getTest" time="2.372" classname="com.test.GetRequest"/>
  <system-out/>
</testsuite> <!-- com.test.GetRequest -->
