<?xml version="1.0" encoding="UTF-8"?>
<!-- Generated by org.testng.reporters.JUnitReportReporter -->
<testsuite hostname="USVAWXMCSNP111" failures="0" tests="1" name="com.test.ObjectMapper" time="2.950" errors="0" timestamp="2022-07-06T20:00:22 IST" skipped="0">
  <testcase classname="com.test.ObjectMapper" name="test" time="2.950"/>
  <system-out/>
</testsuite> <!-- com.test.ObjectMapper -->
