<?xml version="1.0" encoding="UTF-8"?>
<!-- Generated by org.testng.reporters.JUnitReportReporter -->
<testsuite hostname="USVAWXMCSNP554" failures="0" tests="1" name="com.test.TestPOJOWithLombok" time="3.487" errors="0" timestamp="2022-07-15T15:13:53 IST" skipped="0">
  <testcase classname="com.test.TestPOJOWithLombok" name="testPojo" time="3.487"/>
  <system-out/>
</testsuite> <!-- com.test.TestPOJOWithLombok -->
