<?xml version="1.0" encoding="UTF-8"?>
<!-- Generated by org.testng.reporters.JUnitReportReporter -->
<testsuite hostname="USVAWXMCSNP111" failures="0" tests="1" name="com.test.MockeyResponse" time="3.278" errors="0" timestamp="2022-07-06T18:51:48 IST" skipped="0">
  <testcase classname="com.test.MockeyResponse" name="test" time="3.278"/>
  <system-out/>
</testsuite> <!-- com.test.MockeyResponse -->
