<?xml version="1.0" encoding="UTF-8"?>
<!-- Generated by org.testng.reporters.JUnitReportReporter -->
<testsuite skipped="0" hostname="USVAWXMCSNP496" name="com.test.TestPOJO" tests="1" failures="0" timestamp="2022-06-09T20:30:52 IST" time="2.453" errors="0">
  <testcase name="testPojo" time="2.453" classname="com.test.TestPOJO"/>
  <system-out/>
</testsuite> <!-- com.test.TestPOJO -->
