<?xml version="1.0" encoding="UTF-8"?>
<!-- Generated by org.testng.reporters.JUnitReportReporter -->
<testsuite hostname="USVAWXMCSNP111" failures="0" tests="1" name="com.test.RandomTest" time="3.176" errors="0" timestamp="2022-07-06T14:47:19 IST" skipped="0">
  <testcase classname="com.test.RandomTest" name="test" time="3.176"/>
  <system-out/>
</testsuite> <!-- com.test.RandomTest -->
