<?xml version="1.0" encoding="UTF-8"?>
<!-- Generated by org.testng.reporters.JUnitReportReporter -->
<testsuite hostname="USVAWXMCSNP111" failures="0" tests="1" name="com.test.ResponseToMap" time="3.189" errors="0" timestamp="2022-07-06T18:59:32 IST" skipped="0">
  <testcase classname="com.test.ResponseToMap" name="test" time="3.189"/>
  <system-out/>
</testsuite> <!-- com.test.ResponseToMap -->
